<?xml version="1.0" encoding="UTF-8"?>
<testng-results ignored="0" total="1" passed="1" failed="0" skipped="0">
  <reporter-output>
  </reporter-output>
  <suite started-at="2022-02-15T03:24:58Z" name="Suite" finished-at="2022-02-15T03:25:06Z" duration-ms="7663">
    <groups>
    </groups>
    <test started-at="2022-02-15T03:24:58Z" name="Test" finished-at="2022-02-15T03:25:06Z" duration-ms="7663">
      <class name="TestCases.LoginPageTest1">
        <test-method is-config="true" signature="SSSetUp()[pri:0, instance:TestCases.LoginPageTest1@1e44b638]" started-at="2022-02-15T03:24:58Z" name="SSSetUp" finished-at="2022-02-15T03:25:05Z" duration-ms="6141" status="PASS">
          <reporter-output>
          </reporter-output>
        </test-method> <!-- SSSetUp -->
        <test-method signature="validateLoginnnn()[pri:0, instance:TestCases.LoginPageTest1@1e44b638]" started-at="2022-02-15T03:25:05Z" name="validateLoginnnn" finished-at="2022-02-15T03:25:06Z" duration-ms="1511" status="PASS">
          <reporter-output>
          </reporter-output>
        </test-method> <!-- validateLoginnnn -->
      </class> <!-- TestCases.LoginPageTest1 -->
    </test> <!-- Test -->
  </suite> <!-- Suite -->
</testng-results>
